2020-04-12 00:26:23.732  INFO 24448 --- [main] com.hhh.clouddisk.CloudDiskApplication   : Starting CloudDiskApplication on qwer with PID 24448 (C:\Users\hhh\IdeaProjects\cloud-disk\target\classes started by hhh in C:\Users\hhh\IdeaProjects\cloud-disk)
2020-04-12 00:26:23.746  INFO 24448 --- [main] com.hhh.clouddisk.CloudDiskApplication   : No active profile set, falling back to default profiles: default
2020-04-12 00:26:25.211  INFO 24448 --- [main] o.s.b.w.embedded.tomcat.TomcatWebServer  : Tomcat initialized with port(s): 8088 (http)
2020-04-12 00:26:25.223  INFO 24448 --- [main] o.apache.catalina.core.StandardService   : Starting service [Tomcat]
2020-04-12 00:26:25.223  INFO 24448 --- [main] org.apache.catalina.core.StandardEngine  : Starting Servlet engine: [Apache Tomcat/9.0.31]
2020-04-12 00:26:25.225  INFO 24448 --- [main] o.a.catalina.core.AprLifecycleListener   : Loaded APR based Apache Tomcat Native library [1.2.23] using APR version [1.7.0].
2020-04-12 00:26:25.225  INFO 24448 --- [main] o.a.catalina.core.AprLifecycleListener   : APR capabilities: IPv6 [true], sendfile [true], accept filters [false], random [true].
2020-04-12 00:26:25.225  INFO 24448 --- [main] o.a.catalina.core.AprLifecycleListener   : APR/OpenSSL configuration: useAprConnector [false], useOpenSSL [true]
2020-04-12 00:26:25.238  INFO 24448 --- [main] o.a.catalina.core.AprLifecycleListener   : OpenSSL successfully initialized [OpenSSL 1.1.1c  28 May 2019]
2020-04-12 00:26:25.767  INFO 24448 --- [main] o.a.c.c.C.[.[localhost].[/moti-cloud]    : Initializing Spring embedded WebApplicationContext
2020-04-12 00:26:25.767  INFO 24448 --- [main] o.s.web.context.ContextLoader            : Root WebApplicationContext: initialization completed in 1954 ms
2020-04-12 00:26:26.773  INFO 24448 --- [main] o.s.s.concurrent.ThreadPoolTaskExecutor  : Initializing ExecutorService 'applicationTaskExecutor'
2020-04-12 00:26:27.010  INFO 24448 --- [main] o.s.b.a.w.s.WelcomePageHandlerMapping    : Adding welcome page template: index
2020-04-12 00:26:27.300  INFO 24448 --- [main] o.s.b.w.embedded.tomcat.TomcatWebServer  : Tomcat started on port(s): 8088 (http) with context path '/moti-cloud'
2020-04-12 00:26:27.304  INFO 24448 --- [main] com.hhh.clouddisk.CloudDiskApplication   : Started CloudDiskApplication in 4.452 seconds (JVM running for 5.926)
2020-04-12 00:26:30.480  INFO 24448 --- [http-nio-8088-exec-1] o.a.c.c.C.[.[localhost].[/moti-cloud]    : Initializing Spring DispatcherServlet 'dispatcherServlet'
2020-04-12 00:26:30.480  INFO 24448 --- [http-nio-8088-exec-1] o.s.web.servlet.DispatcherServlet        : Initializing Servlet 'dispatcherServlet'
2020-04-12 00:26:30.486  INFO 24448 --- [http-nio-8088-exec-1] o.s.web.servlet.DispatcherServlet        : Completed initialization in 6 ms
2020-04-12 00:26:48.330  INFO 24448 --- [http-nio-8088-exec-2] com.alibaba.druid.pool.DruidDataSource   : {dataSource-1} inited
2020-04-12 00:33:07.199  INFO 1552 --- [main] com.hhh.clouddisk.CloudDiskApplication   : Starting CloudDiskApplication on qwer with PID 1552 (C:\Users\hhh\IdeaProjects\cloud-disk\target\classes started by hhh in C:\Users\hhh\IdeaProjects\cloud-disk)
2020-04-12 00:33:07.203  INFO 1552 --- [main] com.hhh.clouddisk.CloudDiskApplication   : No active profile set, falling back to default profiles: default
2020-04-12 00:33:08.282  INFO 1552 --- [main] o.s.b.w.embedded.tomcat.TomcatWebServer  : Tomcat initialized with port(s): 8088 (http)
2020-04-12 00:33:08.290  INFO 1552 --- [main] o.apache.catalina.core.StandardService   : Starting service [Tomcat]
2020-04-12 00:33:08.290  INFO 1552 --- [main] org.apache.catalina.core.StandardEngine  : Starting Servlet engine: [Apache Tomcat/9.0.31]
2020-04-12 00:33:08.291  INFO 1552 --- [main] o.a.catalina.core.AprLifecycleListener   : Loaded APR based Apache Tomcat Native library [1.2.23] using APR version [1.7.0].
2020-04-12 00:33:08.292  INFO 1552 --- [main] o.a.catalina.core.AprLifecycleListener   : APR capabilities: IPv6 [true], sendfile [true], accept filters [false], random [true].
2020-04-12 00:33:08.292  INFO 1552 --- [main] o.a.catalina.core.AprLifecycleListener   : APR/OpenSSL configuration: useAprConnector [false], useOpenSSL [true]
2020-04-12 00:33:08.307  INFO 1552 --- [main] o.a.catalina.core.AprLifecycleListener   : OpenSSL successfully initialized [OpenSSL 1.1.1c  28 May 2019]
2020-04-12 00:33:08.420  INFO 1552 --- [main] o.a.c.c.C.[.[localhost].[/moti-cloud]    : Initializing Spring embedded WebApplicationContext
2020-04-12 00:33:08.420  INFO 1552 --- [main] o.s.web.context.ContextLoader            : Root WebApplicationContext: initialization completed in 1170 ms
2020-04-12 00:33:09.121  INFO 1552 --- [main] o.s.s.concurrent.ThreadPoolTaskExecutor  : Initializing ExecutorService 'applicationTaskExecutor'
2020-04-12 00:33:09.192  INFO 1552 --- [main] o.s.b.a.w.s.WelcomePageHandlerMapping    : Adding welcome page template: index
2020-04-12 00:33:09.388  INFO 1552 --- [main] o.s.b.w.embedded.tomcat.TomcatWebServer  : Tomcat started on port(s): 8088 (http) with context path '/moti-cloud'
2020-04-12 00:33:09.394  INFO 1552 --- [main] com.hhh.clouddisk.CloudDiskApplication   : Started CloudDiskApplication in 2.842 seconds (JVM running for 4.257)
2020-04-12 00:33:09.456  INFO 1552 --- [http-nio-8088-exec-2] o.a.c.c.C.[.[localhost].[/moti-cloud]    : Initializing Spring DispatcherServlet 'dispatcherServlet'
2020-04-12 00:33:09.457  INFO 1552 --- [http-nio-8088-exec-2] o.s.web.servlet.DispatcherServlet        : Initializing Servlet 'dispatcherServlet'
2020-04-12 00:33:09.462  INFO 1552 --- [http-nio-8088-exec-2] o.s.web.servlet.DispatcherServlet        : Completed initialization in 5 ms
2020-04-12 00:33:25.468  INFO 1552 --- [http-nio-8088-exec-3] com.alibaba.druid.pool.DruidDataSource   : {dataSource-1} inited
2020-04-12 15:11:51.514  INFO 14108 --- [main] com.hhh.clouddisk.CloudDiskApplication   : Starting CloudDiskApplication on qwer with PID 14108 (C:\Users\hhh\IdeaProjects\cloud-disk\target\classes started by hhh in C:\Users\hhh\IdeaProjects\cloud-disk)
2020-04-12 15:11:51.518  INFO 14108 --- [main] com.hhh.clouddisk.CloudDiskApplication   : No active profile set, falling back to default profiles: default
2020-04-12 15:11:52.718  INFO 14108 --- [main] o.s.b.w.embedded.tomcat.TomcatWebServer  : Tomcat initialized with port(s): 8088 (http)
2020-04-12 15:11:52.727  INFO 14108 --- [main] o.apache.catalina.core.StandardService   : Starting service [Tomcat]
2020-04-12 15:11:52.727  INFO 14108 --- [main] org.apache.catalina.core.StandardEngine  : Starting Servlet engine: [Apache Tomcat/9.0.31]
2020-04-12 15:11:52.728  INFO 14108 --- [main] o.a.catalina.core.AprLifecycleListener   : Loaded APR based Apache Tomcat Native library [1.2.23] using APR version [1.7.0].
2020-04-12 15:11:52.729  INFO 14108 --- [main] o.a.catalina.core.AprLifecycleListener   : APR capabilities: IPv6 [true], sendfile [true], accept filters [false], random [true].
2020-04-12 15:11:52.729  INFO 14108 --- [main] o.a.catalina.core.AprLifecycleListener   : APR/OpenSSL configuration: useAprConnector [false], useOpenSSL [true]
2020-04-12 15:11:52.745  INFO 14108 --- [main] o.a.catalina.core.AprLifecycleListener   : OpenSSL successfully initialized [OpenSSL 1.1.1c  28 May 2019]
2020-04-12 15:11:52.831  INFO 14108 --- [main] o.a.c.c.C.[.[localhost].[/moti-cloud]    : Initializing Spring embedded WebApplicationContext
2020-04-12 15:11:52.831  INFO 14108 --- [main] o.s.web.context.ContextLoader            : Root WebApplicationContext: initialization completed in 1257 ms
2020-04-12 15:11:52.968  WARN 14108 --- [main] ConfigServletWebServerApplicationContext : Exception encountered during context initialization - cancelling refresh attempt: org.springframework.beans.factory.UnsatisfiedDependencyException: Error creating bean with name 'fileStoreController': Unsatisfied dependency expressed through field 'userService'; nested exception is org.springframework.beans.factory.UnsatisfiedDependencyException: Error creating bean with name 'userServiceImpl': Unsatisfied dependency expressed through field 'userMapper'; nested exception is org.springframework.beans.factory.UnsatisfiedDependencyException: Error creating bean with name 'userMapper' defined in file [C:\Users\hhh\IdeaProjects\cloud-disk\target\classes\com\hhh\clouddisk\mapper\UserMapper.class]: Unsatisfied dependency expressed through bean property 'sqlSessionFactory'; nested exception is org.springframework.beans.factory.UnsatisfiedDependencyException: Error creating bean with name 'sqlSessionFactory' defined in class path resource [org/mybatis/spring/boot/autoconfigure/MybatisAutoConfiguration.class]: Unsatisfied dependency expressed through method 'sqlSessionFactory' parameter 0; nested exception is org.springframework.boot.context.properties.ConfigurationPropertiesBindException: Error creating bean with name 'druid': Could not bind properties to 'DataSource' : prefix=spring.datasource, ignoreInvalidFields=false, ignoreUnknownFields=true; nested exception is org.springframework.boot.context.properties.bind.BindException: Failed to bind properties under 'spring.datasource' to javax.sql.DataSource
2020-04-12 15:11:52.971  INFO 14108 --- [main] o.apache.catalina.core.StandardService   : Stopping service [Tomcat]
2020-04-12 15:11:52.988  INFO 14108 --- [main] ConditionEvaluationReportLoggingListener : 

Error starting ApplicationContext. To display the conditions report re-run your application with 'debug' enabled.
2020-04-12 15:11:52.992 ERROR 14108 --- [main] o.s.b.d.LoggingFailureAnalysisReporter   : 

***************************
APPLICATION FAILED TO START
***************************

Description:

Failed to bind properties under 'spring.datasource' to javax.sql.DataSource:

    Property: spring.datasource.filters
    Value: stat,wall,log4j
    Origin: class path resource [application.yml]:47:14
    Reason: org.apache.log4j.Logger

Action:

Update your application's configuration

2020-04-12 15:12:49.824  INFO 11996 --- [main] com.hhh.clouddisk.CloudDiskApplication   : Starting CloudDiskApplication on qwer with PID 11996 (C:\Users\hhh\IdeaProjects\cloud-disk\target\classes started by hhh in C:\Users\hhh\IdeaProjects\cloud-disk)
2020-04-12 15:12:49.828  INFO 11996 --- [main] com.hhh.clouddisk.CloudDiskApplication   : No active profile set, falling back to default profiles: default
2020-04-12 15:12:51.397  INFO 11996 --- [main] o.s.b.w.embedded.tomcat.TomcatWebServer  : Tomcat initialized with port(s): 8088 (http)
2020-04-12 15:12:51.411  INFO 11996 --- [main] o.apache.catalina.core.StandardService   : Starting service [Tomcat]
2020-04-12 15:12:51.411  INFO 11996 --- [main] org.apache.catalina.core.StandardEngine  : Starting Servlet engine: [Apache Tomcat/9.0.31]
2020-04-12 15:12:51.412  INFO 11996 --- [main] o.a.catalina.core.AprLifecycleListener   : Loaded APR based Apache Tomcat Native library [1.2.23] using APR version [1.7.0].
2020-04-12 15:12:51.413  INFO 11996 --- [main] o.a.catalina.core.AprLifecycleListener   : APR capabilities: IPv6 [true], sendfile [true], accept filters [false], random [true].
2020-04-12 15:12:51.413  INFO 11996 --- [main] o.a.catalina.core.AprLifecycleListener   : APR/OpenSSL configuration: useAprConnector [false], useOpenSSL [true]
2020-04-12 15:12:51.434  INFO 11996 --- [main] o.a.catalina.core.AprLifecycleListener   : OpenSSL successfully initialized [OpenSSL 1.1.1c  28 May 2019]
2020-04-12 15:12:51.543  INFO 11996 --- [main] o.a.c.c.C.[.[localhost].[/moti-cloud]    : Initializing Spring embedded WebApplicationContext
2020-04-12 15:12:51.543  INFO 11996 --- [main] o.s.web.context.ContextLoader            : Root WebApplicationContext: initialization completed in 1619 ms
2020-04-12 15:12:51.789  WARN 11996 --- [main] ConfigServletWebServerApplicationContext : Exception encountered during context initialization - cancelling refresh attempt: org.springframework.beans.factory.UnsatisfiedDependencyException: Error creating bean with name 'fileStoreController': Unsatisfied dependency expressed through field 'userService'; nested exception is org.springframework.beans.factory.UnsatisfiedDependencyException: Error creating bean with name 'userServiceImpl': Unsatisfied dependency expressed through field 'userMapper'; nested exception is org.springframework.beans.factory.UnsatisfiedDependencyException: Error creating bean with name 'userMapper' defined in file [C:\Users\hhh\IdeaProjects\cloud-disk\target\classes\com\hhh\clouddisk\mapper\UserMapper.class]: Unsatisfied dependency expressed through bean property 'sqlSessionFactory'; nested exception is org.springframework.beans.factory.UnsatisfiedDependencyException: Error creating bean with name 'sqlSessionFactory' defined in class path resource [org/mybatis/spring/boot/autoconfigure/MybatisAutoConfiguration.class]: Unsatisfied dependency expressed through method 'sqlSessionFactory' parameter 0; nested exception is org.springframework.boot.context.properties.ConfigurationPropertiesBindException: Error creating bean with name 'druid': Could not bind properties to 'DataSource' : prefix=spring.datasource, ignoreInvalidFields=false, ignoreUnknownFields=true; nested exception is org.springframework.boot.context.properties.bind.BindException: Failed to bind properties under 'spring.datasource' to javax.sql.DataSource
2020-04-12 15:12:51.792  INFO 11996 --- [main] o.apache.catalina.core.StandardService   : Stopping service [Tomcat]
2020-04-12 15:12:51.819  INFO 11996 --- [main] ConditionEvaluationReportLoggingListener : 

Error starting ApplicationContext. To display the conditions report re-run your application with 'debug' enabled.
2020-04-12 15:12:51.824 ERROR 11996 --- [main] o.s.b.d.LoggingFailureAnalysisReporter   : 

***************************
APPLICATION FAILED TO START
***************************

Description:

Failed to bind properties under 'spring.datasource' to javax.sql.DataSource:

    Property: spring.datasource.filters
    Value: stat,wall,log4j
    Origin: class path resource [application.yml]:47:14
    Reason: org.apache.log4j.Logger

Action:

Update your application's configuration

2020-04-12 15:13:12.360  INFO 24540 --- [main] com.hhh.clouddisk.CloudDiskApplication   : Starting CloudDiskApplication on qwer with PID 24540 (C:\Users\hhh\IdeaProjects\cloud-disk\target\classes started by hhh in C:\Users\hhh\IdeaProjects\cloud-disk)
2020-04-12 15:13:12.364  INFO 24540 --- [main] com.hhh.clouddisk.CloudDiskApplication   : No active profile set, falling back to default profiles: default
2020-04-12 15:13:13.882  INFO 24540 --- [main] o.s.b.w.embedded.tomcat.TomcatWebServer  : Tomcat initialized with port(s): 8088 (http)
2020-04-12 15:13:13.893  INFO 24540 --- [main] o.apache.catalina.core.StandardService   : Starting service [Tomcat]
2020-04-12 15:13:13.893  INFO 24540 --- [main] org.apache.catalina.core.StandardEngine  : Starting Servlet engine: [Apache Tomcat/9.0.31]
2020-04-12 15:13:13.895  INFO 24540 --- [main] o.a.catalina.core.AprLifecycleListener   : Loaded APR based Apache Tomcat Native library [1.2.23] using APR version [1.7.0].
2020-04-12 15:13:13.895  INFO 24540 --- [main] o.a.catalina.core.AprLifecycleListener   : APR capabilities: IPv6 [true], sendfile [true], accept filters [false], random [true].
2020-04-12 15:13:13.895  INFO 24540 --- [main] o.a.catalina.core.AprLifecycleListener   : APR/OpenSSL configuration: useAprConnector [false], useOpenSSL [true]
2020-04-12 15:13:13.899  INFO 24540 --- [main] o.a.catalina.core.AprLifecycleListener   : OpenSSL successfully initialized [OpenSSL 1.1.1c  28 May 2019]
2020-04-12 15:13:14.048  INFO 24540 --- [main] o.a.c.c.C.[.[localhost].[/moti-cloud]    : Initializing Spring embedded WebApplicationContext
2020-04-12 15:13:14.048  INFO 24540 --- [main] o.s.web.context.ContextLoader            : Root WebApplicationContext: initialization completed in 1603 ms
2020-04-12 15:13:14.261  WARN 24540 --- [main] ConfigServletWebServerApplicationContext : Exception encountered during context initialization - cancelling refresh attempt: org.springframework.beans.factory.UnsatisfiedDependencyException: Error creating bean with name 'fileStoreController': Unsatisfied dependency expressed through field 'userService'; nested exception is org.springframework.beans.factory.UnsatisfiedDependencyException: Error creating bean with name 'userServiceImpl': Unsatisfied dependency expressed through field 'userMapper'; nested exception is org.springframework.beans.factory.UnsatisfiedDependencyException: Error creating bean with name 'userMapper' defined in file [C:\Users\hhh\IdeaProjects\cloud-disk\target\classes\com\hhh\clouddisk\mapper\UserMapper.class]: Unsatisfied dependency expressed through bean property 'sqlSessionFactory'; nested exception is org.springframework.beans.factory.UnsatisfiedDependencyException: Error creating bean with name 'sqlSessionFactory' defined in class path resource [org/mybatis/spring/boot/autoconfigure/MybatisAutoConfiguration.class]: Unsatisfied dependency expressed through method 'sqlSessionFactory' parameter 0; nested exception is org.springframework.boot.context.properties.ConfigurationPropertiesBindException: Error creating bean with name 'druid': Could not bind properties to 'DataSource' : prefix=spring.datasource, ignoreInvalidFields=false, ignoreUnknownFields=true; nested exception is org.springframework.boot.context.properties.bind.BindException: Failed to bind properties under 'spring.datasource' to javax.sql.DataSource
2020-04-12 15:13:14.264  INFO 24540 --- [main] o.apache.catalina.core.StandardService   : Stopping service [Tomcat]
2020-04-12 15:13:14.286  INFO 24540 --- [main] ConditionEvaluationReportLoggingListener : 

Error starting ApplicationContext. To display the conditions report re-run your application with 'debug' enabled.
2020-04-12 15:13:14.291 ERROR 24540 --- [main] o.s.b.d.LoggingFailureAnalysisReporter   : 

***************************
APPLICATION FAILED TO START
***************************

Description:

Failed to bind properties under 'spring.datasource' to javax.sql.DataSource:

    Property: spring.datasource.filters
    Value: stat,wall,log4j
    Origin: class path resource [application.yml]:47:14
    Reason: org.apache.log4j.Logger

Action:

Update your application's configuration

2020-04-12 15:15:37.982  INFO 22004 --- [main] com.hhh.clouddisk.CloudDiskApplication   : Starting CloudDiskApplication on qwer with PID 22004 (C:\Users\hhh\IdeaProjects\cloud-disk\target\classes started by hhh in C:\Users\hhh\IdeaProjects\cloud-disk)
2020-04-12 15:15:37.986  INFO 22004 --- [main] com.hhh.clouddisk.CloudDiskApplication   : No active profile set, falling back to default profiles: default
2020-04-12 15:15:39.038  INFO 22004 --- [main] o.s.b.w.embedded.tomcat.TomcatWebServer  : Tomcat initialized with port(s): 8088 (http)
2020-04-12 15:15:39.045  INFO 22004 --- [main] o.apache.catalina.core.StandardService   : Starting service [Tomcat]
2020-04-12 15:15:39.046  INFO 22004 --- [main] org.apache.catalina.core.StandardEngine  : Starting Servlet engine: [Apache Tomcat/9.0.31]
2020-04-12 15:15:39.047  INFO 22004 --- [main] o.a.catalina.core.AprLifecycleListener   : Loaded APR based Apache Tomcat Native library [1.2.23] using APR version [1.7.0].
2020-04-12 15:15:39.047  INFO 22004 --- [main] o.a.catalina.core.AprLifecycleListener   : APR capabilities: IPv6 [true], sendfile [true], accept filters [false], random [true].
2020-04-12 15:15:39.047  INFO 22004 --- [main] o.a.catalina.core.AprLifecycleListener   : APR/OpenSSL configuration: useAprConnector [false], useOpenSSL [true]
2020-04-12 15:15:39.050  INFO 22004 --- [main] o.a.catalina.core.AprLifecycleListener   : OpenSSL successfully initialized [OpenSSL 1.1.1c  28 May 2019]
2020-04-12 15:15:39.131  INFO 22004 --- [main] o.a.c.c.C.[.[localhost].[/moti-cloud]    : Initializing Spring embedded WebApplicationContext
2020-04-12 15:15:39.132  INFO 22004 --- [main] o.s.web.context.ContextLoader            : Root WebApplicationContext: initialization completed in 1097 ms
2020-04-12 15:15:39.255  WARN 22004 --- [main] ConfigServletWebServerApplicationContext : Exception encountered during context initialization - cancelling refresh attempt: org.springframework.beans.factory.UnsatisfiedDependencyException: Error creating bean with name 'fileStoreController': Unsatisfied dependency expressed through field 'userService'; nested exception is org.springframework.beans.factory.UnsatisfiedDependencyException: Error creating bean with name 'userServiceImpl': Unsatisfied dependency expressed through field 'userMapper'; nested exception is org.springframework.beans.factory.UnsatisfiedDependencyException: Error creating bean with name 'userMapper' defined in file [C:\Users\hhh\IdeaProjects\cloud-disk\target\classes\com\hhh\clouddisk\mapper\UserMapper.class]: Unsatisfied dependency expressed through bean property 'sqlSessionFactory'; nested exception is org.springframework.beans.factory.UnsatisfiedDependencyException: Error creating bean with name 'sqlSessionFactory' defined in class path resource [org/mybatis/spring/boot/autoconfigure/MybatisAutoConfiguration.class]: Unsatisfied dependency expressed through method 'sqlSessionFactory' parameter 0; nested exception is org.springframework.boot.context.properties.ConfigurationPropertiesBindException: Error creating bean with name 'druid': Could not bind properties to 'DataSource' : prefix=spring.datasource, ignoreInvalidFields=false, ignoreUnknownFields=true; nested exception is org.springframework.boot.context.properties.bind.BindException: Failed to bind properties under 'spring.datasource' to javax.sql.DataSource
2020-04-12 15:15:39.258  INFO 22004 --- [main] o.apache.catalina.core.StandardService   : Stopping service [Tomcat]
2020-04-12 15:15:39.274  INFO 22004 --- [main] ConditionEvaluationReportLoggingListener : 

Error starting ApplicationContext. To display the conditions report re-run your application with 'debug' enabled.
2020-04-12 15:15:39.277 ERROR 22004 --- [main] o.s.b.d.LoggingFailureAnalysisReporter   : 

***************************
APPLICATION FAILED TO START
***************************

Description:

Failed to bind properties under 'spring.datasource' to javax.sql.DataSource:

    Property: spring.datasource.filters
    Value: stat,wall,log4j
    Origin: class path resource [application.yml]:47:14
    Reason: org.apache.log4j.Logger

Action:

Update your application's configuration

2020-04-12 15:18:56.360  INFO 16612 --- [main] com.hhh.clouddisk.CloudDiskApplication   : Starting CloudDiskApplication on qwer with PID 16612 (C:\Users\hhh\IdeaProjects\cloud-disk\target\classes started by hhh in C:\Users\hhh\IdeaProjects\cloud-disk)
2020-04-12 15:18:56.364  INFO 16612 --- [main] com.hhh.clouddisk.CloudDiskApplication   : No active profile set, falling back to default profiles: default
2020-04-12 15:18:57.490  INFO 16612 --- [main] o.s.b.w.embedded.tomcat.TomcatWebServer  : Tomcat initialized with port(s): 8088 (http)
2020-04-12 15:18:57.497  INFO 16612 --- [main] o.apache.catalina.core.StandardService   : Starting service [Tomcat]
2020-04-12 15:18:57.497  INFO 16612 --- [main] org.apache.catalina.core.StandardEngine  : Starting Servlet engine: [Apache Tomcat/9.0.31]
2020-04-12 15:18:57.499  INFO 16612 --- [main] o.a.catalina.core.AprLifecycleListener   : Loaded APR based Apache Tomcat Native library [1.2.23] using APR version [1.7.0].
2020-04-12 15:18:57.499  INFO 16612 --- [main] o.a.catalina.core.AprLifecycleListener   : APR capabilities: IPv6 [true], sendfile [true], accept filters [false], random [true].
2020-04-12 15:18:57.499  INFO 16612 --- [main] o.a.catalina.core.AprLifecycleListener   : APR/OpenSSL configuration: useAprConnector [false], useOpenSSL [true]
2020-04-12 15:18:57.502  INFO 16612 --- [main] o.a.catalina.core.AprLifecycleListener   : OpenSSL successfully initialized [OpenSSL 1.1.1c  28 May 2019]
2020-04-12 15:18:57.589  INFO 16612 --- [main] o.a.c.c.C.[.[localhost].[/moti-cloud]    : Initializing Spring embedded WebApplicationContext
2020-04-12 15:18:57.590  INFO 16612 --- [main] o.s.web.context.ContextLoader            : Root WebApplicationContext: initialization completed in 1168 ms
2020-04-12 15:18:58.337  INFO 16612 --- [main] o.s.s.concurrent.ThreadPoolTaskExecutor  : Initializing ExecutorService 'applicationTaskExecutor'
2020-04-12 15:18:58.417  INFO 16612 --- [main] o.s.b.a.w.s.WelcomePageHandlerMapping    : Adding welcome page template: index
2020-04-12 15:18:58.627  INFO 16612 --- [main] o.s.b.w.embedded.tomcat.TomcatWebServer  : Tomcat started on port(s): 8088 (http) with context path '/moti-cloud'
2020-04-12 15:18:58.631  INFO 16612 --- [main] com.hhh.clouddisk.CloudDiskApplication   : Started CloudDiskApplication in 2.744 seconds (JVM running for 3.611)
2020-04-12 15:20:04.276  INFO 16612 --- [http-nio-8088-exec-1] o.a.c.c.C.[.[localhost].[/moti-cloud]    : Initializing Spring DispatcherServlet 'dispatcherServlet'
2020-04-12 15:20:04.277  INFO 16612 --- [http-nio-8088-exec-1] o.s.web.servlet.DispatcherServlet        : Initializing Servlet 'dispatcherServlet'
2020-04-12 15:20:04.285  INFO 16612 --- [http-nio-8088-exec-1] o.s.web.servlet.DispatcherServlet        : Completed initialization in 7 ms
2020-04-12 15:20:20.126  INFO 16612 --- [http-nio-8088-exec-3] com.alibaba.druid.pool.DruidDataSource   : {dataSource-1} inited
